<?xml version="1.0" encoding="UTF-8"?>
<testng-results ignored="0" total="2" passed="2" failed="0" skipped="0">
  <reporter-output>
    <line>
      <![CDATA[m2 Running]]>
    </line>
    <line>
      <![CDATA[m1 Running]]>
    </line>
  </reporter-output>
  <suite started-at="2023-01-06T22:50:48 IST" name="Suite" finished-at="2023-01-06T22:50:48 IST" duration-ms="129">
    <groups>
    </groups>
    <test started-at="2023-01-06T22:50:48 IST" name="Test" finished-at="2023-01-06T22:50:48 IST" duration-ms="129">
      <class name="demo.DemoTest1">
        <test-method signature="m1()[pri:0, instance:demo.DemoTest1@37654521]" started-at="2023-01-06T22:50:48 IST" name="m1" finished-at="2023-01-06T22:50:48 IST" duration-ms="1" status="PASS">
          <reporter-output>
            <line>
              <![CDATA[m1 Running]]>
            </line>
          </reporter-output>
        </test-method> <!-- m1 -->
      </class> <!-- demo.DemoTest1 -->
      <class name="demo.DemoTest2">
        <test-method signature="m2()[pri:0, instance:demo.DemoTest2@34f5090e]" started-at="2023-01-06T22:50:48 IST" name="m2" finished-at="2023-01-06T22:50:48 IST" duration-ms="14" status="PASS">
          <reporter-output>
            <line>
              <![CDATA[m2 Running]]>
            </line>
          </reporter-output>
        </test-method> <!-- m2 -->
      </class> <!-- demo.DemoTest2 -->
    </test> <!-- Test -->
  </suite> <!-- Suite -->
</testng-results>
